#
# A fatal error has been detected by the Java Runtime Environment:
#
#  EXCEPTION_ACCESS_VIOLATION (0xc0000005) at pc=0x00000000630c490d, pid=24664, tid=25432
#
# JRE version: Java(TM) SE Runtime Environment (15.0.2+7) (build 15.0.2+7-27)
# Java VM: Java HotSpot(TM) 64-Bit Server VM (15.0.2+7-27, mixed mode, sharing, tiered, compressed oops, g1 gc, windows-amd64)
# Problematic frame:
# C  [Controller.dll+0x4490d]
#
# No core dump will be written. Minidumps are not enabled by default on client versions of Windows
#
# If you would like to submit a bug report, please visit:
#   https://bugreport.java.com/bugreport/crash.jsp
# The crash happened outside the Java Virtual Machine in native code.
# See problematic frame for where to report the bug.
#

---------------  S U M M A R Y ------------

Command Line: -Djava.library.path=C:/Users/ImadBaida/AppData/Local/Programs/Webots/lib/controller/java Lab2

Host: AMD Ryzen 5 2600 Six-Core Processor            , 12 cores, 15G,  Windows 10 , 64 bit Build 19041 (10.0.19041.662)
Time: Mon Feb  1 20:07:11 2021 Eastern Standard Time elapsed time: 0.080295 seconds (0d 0h 0m 0s)

---------------  T H R E A D  ---------------

Current thread (0x0000025b139d32a0):  JavaThread "main" [_thread_in_native, id=25432, stack(0x0000006f2e300000,0x0000006f2e400000)]

Stack: [0x0000006f2e300000,0x0000006f2e400000],  sp=0x0000006f2e3fbdc0,  free space=1007k
Native frames: (J=compiled Java code, j=interpreted, Vv=VM code, C=native code)
C  [Controller.dll+0x4490d]

Java frames: (J=compiled Java code, j=interpreted, Vv=VM code)
j  com.cyberbotics.webots.controller.wrapperJNI.new_Robot()J+0
j  com.cyberbotics.webots.controller.Robot.<init>()V+1
j  simlejos.hardware.ev3.LocalEV3.<init>()V+8
j  simlejos.hardware.ev3.LocalEV3.<clinit>()V+4
v  ~StubRoutines::call_stub
j  simlejos.hardware.port.MotorPort.<clinit>()V+0
v  ~StubRoutines::call_stub
j  simlejos.hardware.motor.Motor.<clinit>()V+4
v  ~StubRoutines::call_stub
j  ca.mcgill.ecse211.project.Resources.<clinit>()V+6
v  ~StubRoutines::call_stub
j  ca.mcgill.ecse211.project.SquareDriver.setAcceleration(I)V+0
j  ca.mcgill.ecse211.project.SquareDriver.driveInASquare(D)V+3
j  ca.mcgill.ecse211.project.Main.main([Ljava/lang/String;)V+10
j  Lab2.main([Ljava/lang/String;)V+1
v  ~StubRoutines::call_stub

siginfo: EXCEPTION_ACCESS_VIOLATION (0xc0000005), reading address 0x0000000000000000


Register to memory mapping:

RIP=0x00000000630c490d Controller.dll
RAX=0x0 is NULL
RBX=0x0000025b11a01d80 points into unknown readable memory: 0x0000025b38292ba0 | a0 2b 29 38 5b 02 00 00
RCX=0x0 is NULL
RDX=0x0 is NULL
RSP=0x0000006f2e3fbdc0 is pointing into the stack for thread: 0x0000025b139d32a0
RBP=0x0000006f2e3fc2f0 is pointing into the stack for thread: 0x0000025b139d32a0
RSI=0x0 is NULL
RDI=0x00000000630c2d90 Controller.dll
R8 =0x0000006f2e3fbd28 is pointing into the stack for thread: 0x0000025b139d32a0
R9 =0x0000006f2e3fc2f0 is pointing into the stack for thread: 0x0000025b139d32a0
R10=0x0 is NULL
R11=0x0000000000000246 is an unknown value
R12=0x0000025b11a01d80 points into unknown readable memory: 0x0000025b38292ba0 | a0 2b 29 38 5b 02 00 00
R13={method} {0x0000025b379b1de0} 'new_Robot' '()J' in 'com/cyberbotics/webots/controller/wrapperJNI'
R14=0x0000006f2e3fc370 is pointing into the stack for thread: 0x0000025b139d32a0
R15=0x0000025b139d32a0 is a thread


Registers:
RAX=0x0000000000000000, RBX=0x0000025b11a01d80, RCX=0x0000000000000000, RDX=0x0000000000000000
RSP=0x0000006f2e3fbdc0, RBP=0x0000006f2e3fc2f0, RSI=0x0000000000000000, RDI=0x00000000630c2d90
R8 =0x0000006f2e3fbd28, R9 =0x0000006f2e3fc2f0, R10=0x0000000000000000, R11=0x0000000000000246
R12=0x0000025b11a01d80, R13=0x0000025b379b1dd8, R14=0x0000006f2e3fc370, R15=0x0000025b139d32a0
RIP=0x00000000630c490d, EFLAGS=0x0000000000010246

Top of Stack: (sp=0x0000006f2e3fbdc0)
0x0000006f2e3fbdc0:   0000025b11a01d80 0000006f2e3fc2f0
0x0000006f2e3fbdd0:   0000000000000000 0000006f2e3fc9a0
0x0000006f2e3fbde0:   0000006f2e3fbe70 00007ffe7fab7eb8
0x0000006f2e3fbdf0:   0000000000080001 000000000000003c
0x0000006f2e3fbe00:   0000000000000000 0000006f2e3fc0f0
0x0000006f2e3fbe10:   0000006f2e3fbe70 00007ffe7fbe4546
0x0000006f2e3fbe20:   0000006f2e3fbf78 0000000000000000
0x0000006f2e3fbe30:   0000025b139d32a0 0000025b11850c30
0x0000006f2e3fbe40:   0000025b139d3b60 0000025b139d3c10
0x0000006f2e3fbe50:   0000025b139d3c48 00000000000000d8
0x0000006f2e3fbe60:   0000006f2e3fc780 0000006f2e3fbef8
0x0000006f2e3fbe70:   0000006f2e3fc2c0 0000025b139d32a0
0x0000006f2e3fbe80:   0000025b139d3780 0000006f2e3fc2c0
0x0000006f2e3fbe90:   0000006f2e3fc0c0 0000000710e5ca88
0x0000006f2e3fbea0:   0000025b139d37c0 00007ffe7fefadc2
0x0000006f2e3fbeb0:   00007ffe7fc210d0 0000000710e5ca88 

Instructions: (pc=0x00000000630c490d)
0x00000000630c480d:   ef 11 00 00 85 c0 0f 84 76 02 00 00 4c 89 e1 48
0x00000000630c481d:   8d 3d ed eb ff ff e8 78 e8 01 00 b9 08 00 00 00
0x00000000630c482d:   c7 05 65 8b 03 00 01 00 00 00 e8 0c e8 01 00 b9
0x00000000630c483d:   40 00 00 00 48 89 c3 48 89 05 35 8b 03 00 e8 f8
0x00000000630c484d:   e7 01 00 31 c9 45 31 c0 31 d2 48 89 78 20 48 8d
0x00000000630c485d:   3d 7e e5 ff ff 48 89 78 28 48 8d 3d 23 e5 ff ff
0x00000000630c486d:   48 89 03 48 c7 40 08 00 00 00 00 c7 00 1f 00 00
0x00000000630c487d:   00 48 c7 40 30 00 00 00 00 c6 05 cb 8b 03 00 01
0x00000000630c488d:   ff 15 35 1b 04 00 31 c9 c6 05 8d 8b 03 00 00 48
0x00000000630c489d:   89 05 cd 8a 03 00 48 8b 05 d6 8a 03 00 c7 05 71
0x00000000630c48ad:   8b 03 00 00 00 00 00 48 c7 05 79 8b 03 00 00 00
0x00000000630c48bd:   00 00 48 8b 00 c7 05 64 8b 03 00 00 00 00 00 48
0x00000000630c48cd:   89 78 38 48 c7 05 6d 8b 03 00 00 00 00 00 c7 05
0x00000000630c48dd:   5b 8b 03 00 00 00 00 00 c7 05 61 8b 03 00 ff ff
0x00000000630c48ed:   ff ff e8 7c fa ff ff 83 f8 ff 0f 84 d3 00 00 00
0x00000000630c48fd:   e8 ce d9 ff ff 84 c0 75 10 48 8b 0d db 8a 03 00
0x00000000630c490d:   80 39 00 0f 85 ca 00 00 00 80 3d 08 8b 03 00 00
0x00000000630c491d:   74 0d 80 3d 00 8b 03 00 00 0f 84 f4 00 00 00 48
0x00000000630c492d:   8d 0d 2d e7 ff ff c6 05 6e 8a 03 00 00 e8 31 ca
0x00000000630c493d:   fb ff c6 05 1a 8a 03 00 01 48 81 c4 38 04 00 00
0x00000000630c494d:   5b 5e 5f 5d 41 5c 41 5d 41 5e 41 5f e9 e2 15 ff
0x00000000630c495d:   ff 66 90 83 fb 01 48 89 fe b9 02 00 00 00 4d 89
0x00000000630c496d:   ef 48 0f 45 f5 41 ff d5 41 89 d9 48 8d 15 99 9e
0x00000000630c497d:   02 00 4d 89 f0 48 89 74 24 20 48 89 c1 e8 41 e7
0x00000000630c498d:   ff ff e9 f6 fd ff ff 0f 1f 40 00 4c 89 f1 e8 60
0x00000000630c499d:   e7 01 00 49 89 c4 83 fb 0a 0f 85 54 fe ff ff 4c
0x00000000630c49ad:   8b 3d 5d f8 01 00 e9 2f fe ff ff 0f 1f 84 00 00
0x00000000630c49bd:   00 00 00 48 89 c1 e8 38 e7 01 00 49 89 c4 e9 30
0x00000000630c49cd:   fe ff ff e8 cb e7 ff ff 31 c9 e8 04 e7 01 00 0f
0x00000000630c49dd:   1f 40 00 e8 8b d6 ff ff e8 e6 d8 ff ff 84 c0 0f
0x00000000630c49ed:   85 24 ff ff ff 48 8b 1d ef 89 03 00 b9 02 00 00
0x00000000630c49fd:   00 ff 15 0c f8 01 00 48 8d 15 75 9e 02 00 48 89 


Stack slot to memory mapping:
stack at sp + 0 slots: 0x0000025b11a01d80 points into unknown readable memory: 0x0000025b38292ba0 | a0 2b 29 38 5b 02 00 00
stack at sp + 1 slots: 0x0000006f2e3fc2f0 is pointing into the stack for thread: 0x0000025b139d32a0
stack at sp + 2 slots: 0x0 is NULL
stack at sp + 3 slots: 0x0000006f2e3fc9a0 is pointing into the stack for thread: 0x0000025b139d32a0
stack at sp + 4 slots: 0x0000006f2e3fbe70 is pointing into the stack for thread: 0x0000025b139d32a0
stack at sp + 5 slots: 0x00007ffe7fab7eb8 jvm.dll
stack at sp + 6 slots: 0x0000000000080001 is an unknown value
stack at sp + 7 slots: 0x000000000000003c is an unknown value


---------------  P R O C E S S  ---------------

Threads class SMR info:
_java_thread_list=0x0000025b37f1b9d0, length=12, elements={
0x0000025b139d32a0, 0x0000025b375733e0, 0x0000025b37576760, 0x0000025b37d906c0,
0x0000025b37d93180, 0x0000025b37d959f0, 0x0000025b37da0e30, 0x0000025b37da1730,
0x0000025b37db27f0, 0x0000025b37ebf9b0, 0x0000025b37ed75b0, 0x0000025b37f125b0
}

Java Threads: ( => current thread )
=>0x0000025b139d32a0 JavaThread "main" [_thread_in_native, id=25432, stack(0x0000006f2e300000,0x0000006f2e400000)]
  0x0000025b375733e0 JavaThread "Reference Handler" daemon [_thread_blocked, id=11368, stack(0x0000006f2ea00000,0x0000006f2eb00000)]
  0x0000025b37576760 JavaThread "Finalizer" daemon [_thread_blocked, id=23840, stack(0x0000006f2eb00000,0x0000006f2ec00000)]
  0x0000025b37d906c0 JavaThread "Signal Dispatcher" daemon [_thread_blocked, id=10356, stack(0x0000006f2ec00000,0x0000006f2ed00000)]
  0x0000025b37d93180 JavaThread "Attach Listener" daemon [_thread_blocked, id=10836, stack(0x0000006f2ed00000,0x0000006f2ee00000)]
  0x0000025b37d959f0 JavaThread "Service Thread" daemon [_thread_blocked, id=24684, stack(0x0000006f2ee00000,0x0000006f2ef00000)]
  0x0000025b37da0e30 JavaThread "C2 CompilerThread0" daemon [_thread_blocked, id=6932, stack(0x0000006f2ef00000,0x0000006f2f000000)]
  0x0000025b37da1730 JavaThread "C1 CompilerThread0" daemon [_thread_blocked, id=16232, stack(0x0000006f2f000000,0x0000006f2f100000)]
  0x0000025b37db27f0 JavaThread "Sweeper thread" daemon [_thread_blocked, id=25160, stack(0x0000006f2f100000,0x0000006f2f200000)]
  0x0000025b37ebf9b0 JavaThread "Notification Thread" daemon [_thread_blocked, id=16996, stack(0x0000006f2f200000,0x0000006f2f300000)]
  0x0000025b37ed75b0 JavaThread "Common-Cleaner" daemon [_thread_blocked, id=19496, stack(0x0000006f2f400000,0x0000006f2f500000)]
  0x0000025b37f125b0 JavaThread "Thread-0" [_thread_blocked, id=9624, stack(0x0000006f2f500000,0x0000006f2f600000)]

Other Threads:
  0x0000025b375713c0 VMThread "VM Thread" [stack: 0x0000006f2e900000,0x0000006f2ea00000] [id=15548]
  0x0000025b37ed4e80 WatcherThread [stack: 0x0000006f2f300000,0x0000006f2f400000] [id=22592]
  0x0000025b13a247c0 GCTaskThread "GC Thread#0" [stack: 0x0000006f2e400000,0x0000006f2e500000] [id=4640]
  0x0000025b13a35fb0 ConcurrentGCThread "G1 Main Marker" [stack: 0x0000006f2e500000,0x0000006f2e600000] [id=10920]
  0x0000025b13a36ba0 ConcurrentGCThread "G1 Conc#0" [stack: 0x0000006f2e600000,0x0000006f2e700000] [id=2504]
  0x0000025b13aad770 ConcurrentGCThread "G1 Refine#0" [stack: 0x0000006f2e700000,0x0000006f2e800000] [id=19764]
  0x0000025b13aae370 ConcurrentGCThread "G1 Young RemSet Sampling" [stack: 0x0000006f2e800000,0x0000006f2e900000] [id=25228]

Threads with active compile tasks:

VM state: not at safepoint (normal execution)

VM Mutex/Monitor currently owned by a thread: None

Heap address: 0x0000000701000000, size: 4080 MB, Compressed Oops mode: Zero based, Oop shift amount: 3
CDS archive(s) mapped at: [0x0000000800000000-0x0000000800b50000-0x0000000800b50000), size 11862016, SharedBaseAddress: 0x0000000800000000, ArchiveRelocationMode: 0.
Compressed class space mapped at: 0x0000000800b50000-0x0000000840b50000, size: 1073741824
Narrow klass base: 0x0000000800000000, Narrow klass shift: 3, Narrow klass range: 0x100000000

GC Precious Log:
 CPUs: 12 total, 12 available
 Memory: 16315M
 Large Page Support: Disabled
 NUMA Support: Disabled
 Compressed Oops: Enabled (Zero based)
 Heap Region Size: 2M
 Heap Min Capacity: 8M
 Heap Initial Capacity: 256M
 Heap Max Capacity: 4080M
 Pre-touch: Disabled
 Parallel Workers: 10
 Concurrent Workers: 3
 Concurrent Refinement Workers: 10
 Periodic GC: Disabled

Heap:
 garbage-first heap   total 262144K, used 0K [0x0000000701000000, 0x0000000800000000)
  region size 2048K, 1 young (2048K), 0 survivors (0K)
 Metaspace       used 539K, capacity 4731K, committed 4864K, reserved 1056768K
  class space    used 37K, capacity 425K, committed 512K, reserved 1048576K

Heap Regions: E=young(eden), S=young(survivor), O=old, HS=humongous(starts), HC=humongous(continues), CS=collection set, F=free, OA=open archive, CA=closed archive, TAMS=top-at-mark-start (previous, next)
|   0|0x0000000701000000, 0x0000000701000000, 0x0000000701200000|  0%| F|  |TAMS 0x0000000701000000, 0x0000000701000000| Untracked 
|   1|0x0000000701200000, 0x0000000701200000, 0x0000000701400000|  0%| F|  |TAMS 0x0000000701200000, 0x0000000701200000| Untracked 
|   2|0x0000000701400000, 0x0000000701400000, 0x0000000701600000|  0%| F|  |TAMS 0x0000000701400000, 0x0000000701400000| Untracked 
|   3|0x0000000701600000, 0x0000000701600000, 0x0000000701800000|  0%| F|  |TAMS 0x0000000701600000, 0x0000000701600000| Untracked 
|   4|0x0000000701800000, 0x0000000701800000, 0x0000000701a00000|  0%| F|  |TAMS 0x0000000701800000, 0x0000000701800000| Untracked 
|   5|0x0000000701a00000, 0x0000000701a00000, 0x0000000701c00000|  0%| F|  |TAMS 0x0000000701a00000, 0x0000000701a00000| Untracked 
|   6|0x0000000701c00000, 0x0000000701c00000, 0x0000000701e00000|  0%| F|  |TAMS 0x0000000701c00000, 0x0000000701c00000| Untracked 
|   7|0x0000000701e00000, 0x0000000701e00000, 0x0000000702000000|  0%| F|  |TAMS 0x0000000701e00000, 0x0000000701e00000| Untracked 
|   8|0x0000000702000000, 0x0000000702000000, 0x0000000702200000|  0%| F|  |TAMS 0x0000000702000000, 0x0000000702000000| Untracked 
|   9|0x0000000702200000, 0x0000000702200000, 0x0000000702400000|  0%| F|  |TAMS 0x0000000702200000, 0x0000000702200000| Untracked 
|  10|0x0000000702400000, 0x0000000702400000, 0x0000000702600000|  0%| F|  |TAMS 0x0000000702400000, 0x0000000702400000| Untracked 
|  11|0x0000000702600000, 0x0000000702600000, 0x0000000702800000|  0%| F|  |TAMS 0x0000000702600000, 0x0000000702600000| Untracked 
|  12|0x0000000702800000, 0x0000000702800000, 0x0000000702a00000|  0%| F|  |TAMS 0x0000000702800000, 0x0000000702800000| Untracked 
|  13|0x0000000702a00000, 0x0000000702a00000, 0x0000000702c00000|  0%| F|  |TAMS 0x0000000702a00000, 0x0000000702a00000| Untracked 
|  14|0x0000000702c00000, 0x0000000702c00000, 0x0000000702e00000|  0%| F|  |TAMS 0x0000000702c00000, 0x0000000702c00000| Untracked 
|  15|0x0000000702e00000, 0x0000000702e00000, 0x0000000703000000|  0%| F|  |TAMS 0x0000000702e00000, 0x0000000702e00000| Untracked 
|  16|0x0000000703000000, 0x0000000703000000, 0x0000000703200000|  0%| F|  |TAMS 0x0000000703000000, 0x0000000703000000| Untracked 
|  17|0x0000000703200000, 0x0000000703200000, 0x0000000703400000|  0%| F|  |TAMS 0x0000000703200000, 0x0000000703200000| Untracked 
|  18|0x0000000703400000, 0x0000000703400000, 0x0000000703600000|  0%| F|  |TAMS 0x0000000703400000, 0x0000000703400000| Untracked 
|  19|0x0000000703600000, 0x0000000703600000, 0x0000000703800000|  0%| F|  |TAMS 0x0000000703600000, 0x0000000703600000| Untracked 
|  20|0x0000000703800000, 0x0000000703800000, 0x0000000703a00000|  0%| F|  |TAMS 0x0000000703800000, 0x0000000703800000| Untracked 
|  21|0x0000000703a00000, 0x0000000703a00000, 0x0000000703c00000|  0%| F|  |TAMS 0x0000000703a00000, 0x0000000703a00000| Untracked 
|  22|0x0000000703c00000, 0x0000000703c00000, 0x0000000703e00000|  0%| F|  |TAMS 0x0000000703c00000, 0x0000000703c00000| Untracked 
|  23|0x0000000703e00000, 0x0000000703e00000, 0x0000000704000000|  0%| F|  |TAMS 0x0000000703e00000, 0x0000000703e00000| Untracked 
|  24|0x0000000704000000, 0x0000000704000000, 0x0000000704200000|  0%| F|  |TAMS 0x0000000704000000, 0x0000000704000000| Untracked 
|  25|0x0000000704200000, 0x0000000704200000, 0x0000000704400000|  0%| F|  |TAMS 0x0000000704200000, 0x0000000704200000| Untracked 
|  26|0x0000000704400000, 0x0000000704400000, 0x0000000704600000|  0%| F|  |TAMS 0x0000000704400000, 0x0000000704400000| Untracked 
|  27|0x0000000704600000, 0x0000000704600000, 0x0000000704800000|  0%| F|  |TAMS 0x0000000704600000, 0x0000000704600000| Untracked 
|  28|0x0000000704800000, 0x0000000704800000, 0x0000000704a00000|  0%| F|  |TAMS 0x0000000704800000, 0x0000000704800000| Untracked 
|  29|0x0000000704a00000, 0x0000000704a00000, 0x0000000704c00000|  0%| F|  |TAMS 0x0000000704a00000, 0x0000000704a00000| Untracked 
|  30|0x0000000704c00000, 0x0000000704c00000, 0x0000000704e00000|  0%| F|  |TAMS 0x0000000704c00000, 0x0000000704c00000| Untracked 
|  31|0x0000000704e00000, 0x0000000704e00000, 0x0000000705000000|  0%| F|  |TAMS 0x0000000704e00000, 0x0000000704e00000| Untracked 
|  32|0x0000000705000000, 0x0000000705000000, 0x0000000705200000|  0%| F|  |TAMS 0x0000000705000000, 0x0000000705000000| Untracked 
|  33|0x0000000705200000, 0x0000000705200000, 0x0000000705400000|  0%| F|  |TAMS 0x0000000705200000, 0x0000000705200000| Untracked 
|  34|0x0000000705400000, 0x0000000705400000, 0x0000000705600000|  0%| F|  |TAMS 0x0000000705400000, 0x0000000705400000| Untracked 
|  35|0x0000000705600000, 0x0000000705600000, 0x0000000705800000|  0%| F|  |TAMS 0x0000000705600000, 0x0000000705600000| Untracked 
|  36|0x0000000705800000, 0x0000000705800000, 0x0000000705a00000|  0%| F|  |TAMS 0x0000000705800000, 0x0000000705800000| Untracked 
|  37|0x0000000705a00000, 0x0000000705a00000, 0x0000000705c00000|  0%| F|  |TAMS 0x0000000705a00000, 0x0000000705a00000| Untracked 
|  38|0x0000000705c00000, 0x0000000705c00000, 0x0000000705e00000|  0%| F|  |TAMS 0x0000000705c00000, 0x0000000705c00000| Untracked 
|  39|0x0000000705e00000, 0x0000000705e00000, 0x0000000706000000|  0%| F|  |TAMS 0x0000000705e00000, 0x0000000705e00000| Untracked 
|  40|0x0000000706000000, 0x0000000706000000, 0x0000000706200000|  0%| F|  |TAMS 0x0000000706000000, 0x0000000706000000| Untracked 
|  41|0x0000000706200000, 0x0000000706200000, 0x0000000706400000|  0%| F|  |TAMS 0x0000000706200000, 0x0000000706200000| Untracked 
|  42|0x0000000706400000, 0x0000000706400000, 0x0000000706600000|  0%| F|  |TAMS 0x0000000706400000, 0x0000000706400000| Untracked 
|  43|0x0000000706600000, 0x0000000706600000, 0x0000000706800000|  0%| F|  |TAMS 0x0000000706600000, 0x0000000706600000| Untracked 
|  44|0x0000000706800000, 0x0000000706800000, 0x0000000706a00000|  0%| F|  |TAMS 0x0000000706800000, 0x0000000706800000| Untracked 
|  45|0x0000000706a00000, 0x0000000706a00000, 0x0000000706c00000|  0%| F|  |TAMS 0x0000000706a00000, 0x0000000706a00000| Untracked 
|  46|0x0000000706c00000, 0x0000000706c00000, 0x0000000706e00000|  0%| F|  |TAMS 0x0000000706c00000, 0x0000000706c00000| Untracked 
|  47|0x0000000706e00000, 0x0000000706e00000, 0x0000000707000000|  0%| F|  |TAMS 0x0000000706e00000, 0x0000000706e00000| Untracked 
|  48|0x0000000707000000, 0x0000000707000000, 0x0000000707200000|  0%| F|  |TAMS 0x0000000707000000, 0x0000000707000000| Untracked 
|  49|0x0000000707200000, 0x0000000707200000, 0x0000000707400000|  0%| F|  |TAMS 0x0000000707200000, 0x0000000707200000| Untracked 
|  50|0x0000000707400000, 0x0000000707400000, 0x0000000707600000|  0%| F|  |TAMS 0x0000000707400000, 0x0000000707400000| Untracked 
|  51|0x0000000707600000, 0x0000000707600000, 0x0000000707800000|  0%| F|  |TAMS 0x0000000707600000, 0x0000000707600000| Untracked 
|  52|0x0000000707800000, 0x0000000707800000, 0x0000000707a00000|  0%| F|  |TAMS 0x0000000707800000, 0x0000000707800000| Untracked 
|  53|0x0000000707a00000, 0x0000000707a00000, 0x0000000707c00000|  0%| F|  |TAMS 0x0000000707a00000, 0x0000000707a00000| Untracked 
|  54|0x0000000707c00000, 0x0000000707c00000, 0x0000000707e00000|  0%| F|  |TAMS 0x0000000707c00000, 0x0000000707c00000| Untracked 
|  55|0x0000000707e00000, 0x0000000707e00000, 0x0000000708000000|  0%| F|  |TAMS 0x0000000707e00000, 0x0000000707e00000| Untracked 
|  56|0x0000000708000000, 0x0000000708000000, 0x0000000708200000|  0%| F|  |TAMS 0x0000000708000000, 0x0000000708000000| Untracked 
|  57|0x0000000708200000, 0x0000000708200000, 0x0000000708400000|  0%| F|  |TAMS 0x0000000708200000, 0x0000000708200000| Untracked 
|  58|0x0000000708400000, 0x0000000708400000, 0x0000000708600000|  0%| F|  |TAMS 0x0000000708400000, 0x0000000708400000| Untracked 
|  59|0x0000000708600000, 0x0000000708600000, 0x0000000708800000|  0%| F|  |TAMS 0x0000000708600000, 0x0000000708600000| Untracked 
|  60|0x0000000708800000, 0x0000000708800000, 0x0000000708a00000|  0%| F|  |TAMS 0x0000000708800000, 0x0000000708800000| Untracked 
|  61|0x0000000708a00000, 0x0000000708a00000, 0x0000000708c00000|  0%| F|  |TAMS 0x0000000708a00000, 0x0000000708a00000| Untracked 
|  62|0x0000000708c00000, 0x0000000708c00000, 0x0000000708e00000|  0%| F|  |TAMS 0x0000000708c00000, 0x0000000708c00000| Untracked 
|  63|0x0000000708e00000, 0x0000000708e00000, 0x0000000709000000|  0%| F|  |TAMS 0x0000000708e00000, 0x0000000708e00000| Untracked 
|  64|0x0000000709000000, 0x0000000709000000, 0x0000000709200000|  0%| F|  |TAMS 0x0000000709000000, 0x0000000709000000| Untracked 
|  65|0x0000000709200000, 0x0000000709200000, 0x0000000709400000|  0%| F|  |TAMS 0x0000000709200000, 0x0000000709200000| Untracked 
|  66|0x0000000709400000, 0x0000000709400000, 0x0000000709600000|  0%| F|  |TAMS 0x0000000709400000, 0x0000000709400000| Untracked 
|  67|0x0000000709600000, 0x0000000709600000, 0x0000000709800000|  0%| F|  |TAMS 0x0000000709600000, 0x0000000709600000| Untracked 
|  68|0x0000000709800000, 0x0000000709800000, 0x0000000709a00000|  0%| F|  |TAMS 0x0000000709800000, 0x0000000709800000| Untracked 
|  69|0x0000000709a00000, 0x0000000709a00000, 0x0000000709c00000|  0%| F|  |TAMS 0x0000000709a00000, 0x0000000709a00000| Untracked 
|  70|0x0000000709c00000, 0x0000000709c00000, 0x0000000709e00000|  0%| F|  |TAMS 0x0000000709c00000, 0x0000000709c00000| Untracked 
|  71|0x0000000709e00000, 0x0000000709e00000, 0x000000070a000000|  0%| F|  |TAMS 0x0000000709e00000, 0x0000000709e00000| Untracked 
|  72|0x000000070a000000, 0x000000070a000000, 0x000000070a200000|  0%| F|  |TAMS 0x000000070a000000, 0x000000070a000000| Untracked 
|  73|0x000000070a200000, 0x000000070a200000, 0x000000070a400000|  0%| F|  |TAMS 0x000000070a200000, 0x000000070a200000| Untracked 
|  74|0x000000070a400000, 0x000000070a400000, 0x000000070a600000|  0%| F|  |TAMS 0x000000070a400000, 0x000000070a400000| Untracked 
|  75|0x000000070a600000, 0x000000070a600000, 0x000000070a800000|  0%| F|  |TAMS 0x000000070a600000, 0x000000070a600000| Untracked 
|  76|0x000000070a800000, 0x000000070a800000, 0x000000070aa00000|  0%| F|  |TAMS 0x000000070a800000, 0x000000070a800000| Untracked 
|  77|0x000000070aa00000, 0x000000070aa00000, 0x000000070ac00000|  0%| F|  |TAMS 0x000000070aa00000, 0x000000070aa00000| Untracked 
|  78|0x000000070ac00000, 0x000000070ac00000, 0x000000070ae00000|  0%| F|  |TAMS 0x000000070ac00000, 0x000000070ac00000| Untracked 
|  79|0x000000070ae00000, 0x000000070ae00000, 0x000000070b000000|  0%| F|  |TAMS 0x000000070ae00000, 0x000000070ae00000| Untracked 
|  80|0x000000070b000000, 0x000000070b000000, 0x000000070b200000|  0%| F|  |TAMS 0x000000070b000000, 0x000000070b000000| Untracked 
|  81|0x000000070b200000, 0x000000070b200000, 0x000000070b400000|  0%| F|  |TAMS 0x000000070b200000, 0x000000070b200000| Untracked 
|  82|0x000000070b400000, 0x000000070b400000, 0x000000070b600000|  0%| F|  |TAMS 0x000000070b400000, 0x000000070b400000| Untracked 
|  83|0x000000070b600000, 0x000000070b600000, 0x000000070b800000|  0%| F|  |TAMS 0x000000070b600000, 0x000000070b600000| Untracked 
|  84|0x000000070b800000, 0x000000070b800000, 0x000000070ba00000|  0%| F|  |TAMS 0x000000070b800000, 0x000000070b800000| Untracked 
|  85|0x000000070ba00000, 0x000000070ba00000, 0x000000070bc00000|  0%| F|  |TAMS 0x000000070ba00000, 0x000000070ba00000| Untracked 
|  86|0x000000070bc00000, 0x000000070bc00000, 0x000000070be00000|  0%| F|  |TAMS 0x000000070bc00000, 0x000000070bc00000| Untracked 
|  87|0x000000070be00000, 0x000000070be00000, 0x000000070c000000|  0%| F|  |TAMS 0x000000070be00000, 0x000000070be00000| Untracked 
|  88|0x000000070c000000, 0x000000070c000000, 0x000000070c200000|  0%| F|  |TAMS 0x000000070c000000, 0x000000070c000000| Untracked 
|  89|0x000000070c200000, 0x000000070c200000, 0x000000070c400000|  0%| F|  |TAMS 0x000000070c200000, 0x000000070c200000| Untracked 
|  90|0x000000070c400000, 0x000000070c400000, 0x000000070c600000|  0%| F|  |TAMS 0x000000070c400000, 0x000000070c400000| Untracked 
|  91|0x000000070c600000, 0x000000070c600000, 0x000000070c800000|  0%| F|  |TAMS 0x000000070c600000, 0x000000070c600000| Untracked 
|  92|0x000000070c800000, 0x000000070c800000, 0x000000070ca00000|  0%| F|  |TAMS 0x000000070c800000, 0x000000070c800000| Untracked 
|  93|0x000000070ca00000, 0x000000070ca00000, 0x000000070cc00000|  0%| F|  |TAMS 0x000000070ca00000, 0x000000070ca00000| Untracked 
|  94|0x000000070cc00000, 0x000000070cc00000, 0x000000070ce00000|  0%| F|  |TAMS 0x000000070cc00000, 0x000000070cc00000| Untracked 
|  95|0x000000070ce00000, 0x000000070ce00000, 0x000000070d000000|  0%| F|  |TAMS 0x000000070ce00000, 0x000000070ce00000| Untracked 
|  96|0x000000070d000000, 0x000000070d000000, 0x000000070d200000|  0%| F|  |TAMS 0x000000070d000000, 0x000000070d000000| Untracked 
|  97|0x000000070d200000, 0x000000070d200000, 0x000000070d400000|  0%| F|  |TAMS 0x000000070d200000, 0x000000070d200000| Untracked 
|  98|0x000000070d400000, 0x000000070d400000, 0x000000070d600000|  0%| F|  |TAMS 0x000000070d400000, 0x000000070d400000| Untracked 
|  99|0x000000070d600000, 0x000000070d600000, 0x000000070d800000|  0%| F|  |TAMS 0x000000070d600000, 0x000000070d600000| Untracked 
| 100|0x000000070d800000, 0x000000070d800000, 0x000000070da00000|  0%| F|  |TAMS 0x000000070d800000, 0x000000070d800000| Untracked 
| 101|0x000000070da00000, 0x000000070da00000, 0x000000070dc00000|  0%| F|  |TAMS 0x000000070da00000, 0x000000070da00000| Untracked 
| 102|0x000000070dc00000, 0x000000070dc00000, 0x000000070de00000|  0%| F|  |TAMS 0x000000070dc00000, 0x000000070dc00000| Untracked 
| 103|0x000000070de00000, 0x000000070de00000, 0x000000070e000000|  0%| F|  |TAMS 0x000000070de00000, 0x000000070de00000| Untracked 
| 104|0x000000070e000000, 0x000000070e000000, 0x000000070e200000|  0%| F|  |TAMS 0x000000070e000000, 0x000000070e000000| Untracked 
| 105|0x000000070e200000, 0x000000070e200000, 0x000000070e400000|  0%| F|  |TAMS 0x000000070e200000, 0x000000070e200000| Untracked 
| 106|0x000000070e400000, 0x000000070e400000, 0x000000070e600000|  0%| F|  |TAMS 0x000000070e400000, 0x000000070e400000| Untracked 
| 107|0x000000070e600000, 0x000000070e600000, 0x000000070e800000|  0%| F|  |TAMS 0x000000070e600000, 0x000000070e600000| Untracked 
| 108|0x000000070e800000, 0x000000070e800000, 0x000000070ea00000|  0%| F|  |TAMS 0x000000070e800000, 0x000000070e800000| Untracked 
| 109|0x000000070ea00000, 0x000000070ea00000, 0x000000070ec00000|  0%| F|  |TAMS 0x000000070ea00000, 0x000000070ea00000| Untracked 
| 110|0x000000070ec00000, 0x000000070ec00000, 0x000000070ee00000|  0%| F|  |TAMS 0x000000070ec00000, 0x000000070ec00000| Untracked 
| 111|0x000000070ee00000, 0x000000070ee00000, 0x000000070f000000|  0%| F|  |TAMS 0x000000070ee00000, 0x000000070ee00000| Untracked 
| 112|0x000000070f000000, 0x000000070f000000, 0x000000070f200000|  0%| F|  |TAMS 0x000000070f000000, 0x000000070f000000| Untracked 
| 113|0x000000070f200000, 0x000000070f200000, 0x000000070f400000|  0%| F|  |TAMS 0x000000070f200000, 0x000000070f200000| Untracked 
| 114|0x000000070f400000, 0x000000070f400000, 0x000000070f600000|  0%| F|  |TAMS 0x000000070f400000, 0x000000070f400000| Untracked 
| 115|0x000000070f600000, 0x000000070f600000, 0x000000070f800000|  0%| F|  |TAMS 0x000000070f600000, 0x000000070f600000| Untracked 
| 116|0x000000070f800000, 0x000000070f800000, 0x000000070fa00000|  0%| F|  |TAMS 0x000000070f800000, 0x000000070f800000| Untracked 
| 117|0x000000070fa00000, 0x000000070fa00000, 0x000000070fc00000|  0%| F|  |TAMS 0x000000070fa00000, 0x000000070fa00000| Untracked 
| 118|0x000000070fc00000, 0x000000070fc00000, 0x000000070fe00000|  0%| F|  |TAMS 0x000000070fc00000, 0x000000070fc00000| Untracked 
| 119|0x000000070fe00000, 0x000000070fe00000, 0x0000000710000000|  0%| F|  |TAMS 0x000000070fe00000, 0x000000070fe00000| Untracked 
| 120|0x0000000710000000, 0x0000000710000000, 0x0000000710200000|  0%| F|  |TAMS 0x0000000710000000, 0x0000000710000000| Untracked 
| 121|0x0000000710200000, 0x0000000710200000, 0x0000000710400000|  0%| F|  |TAMS 0x0000000710200000, 0x0000000710200000| Untracked 
| 122|0x0000000710400000, 0x0000000710400000, 0x0000000710600000|  0%| F|  |TAMS 0x0000000710400000, 0x0000000710400000| Untracked 
| 123|0x0000000710600000, 0x0000000710600000, 0x0000000710800000|  0%| F|  |TAMS 0x0000000710600000, 0x0000000710600000| Untracked 
| 124|0x0000000710800000, 0x0000000710800000, 0x0000000710a00000|  0%| F|  |TAMS 0x0000000710800000, 0x0000000710800000| Untracked 
| 125|0x0000000710a00000, 0x0000000710a00000, 0x0000000710c00000|  0%| F|  |TAMS 0x0000000710a00000, 0x0000000710a00000| Untracked 
| 126|0x0000000710c00000, 0x0000000710c00000, 0x0000000710e00000|  0%| F|  |TAMS 0x0000000710c00000, 0x0000000710c00000| Untracked 
| 127|0x0000000710e00000, 0x0000000711000000, 0x0000000711000000|100%| E|  |TAMS 0x0000000710e00000, 0x0000000710e00000| Complete 

Card table byte_map: [0x0000025b2b960000,0x0000025b2c160000] _byte_map_base: 0x0000025b28158000

Marking Bits (Prev, Next): (CMBitMap*) 0x0000025b13a24fb0, (CMBitMap*) 0x0000025b13a24ff0
 Prev Bits: [0x0000025b2c960000, 0x0000025b30920000)
 Next Bits: [0x0000025b30920000, 0x0000025b348e0000)

Polling page: 0x0000025b11970000

Metaspace:

Usage:
  Non-class:      4.21 MB capacity,   501.73 KB ( 12%) used,     3.71 MB ( 88%) free+waste,   640 bytes ( <1%) overhead. 
      Class:    425.00 KB capacity,    37.42 KB (  9%) used,   387.14 KB ( 91%) free+waste,   448 bytes ( <1%) overhead. 
       Both:      4.62 MB capacity,   539.15 KB ( 11%) used,     4.09 MB ( 89%) free+waste,     1.06 KB ( <1%) overhead. 

Virtual space:
  Non-class space:        8.00 MB reserved,       4.25 MB ( 53%) committed 
      Class space:        1.00 GB reserved,     512.00 KB ( <1%) committed 
             Both:        1.01 GB reserved,       4.75 MB ( <1%) committed 

Chunk freelists:
   Non-Class:  46.00 KB
       Class:  23.00 KB
        Both:  69.00 KB

MaxMetaspaceSize: 17179869184.00 GB
CompressedClassSpaceSize: 1.00 GB

CodeHeap 'non-profiled nmethods': size=120000Kb used=29Kb max_used=29Kb free=119970Kb
 bounds [0x0000025b236e0000, 0x0000025b23950000, 0x0000025b2ac10000]
CodeHeap 'profiled nmethods': size=120000Kb used=132Kb max_used=132Kb free=119868Kb
 bounds [0x0000025b1c1b0000, 0x0000025b1c420000, 0x0000025b236e0000]
CodeHeap 'non-nmethods': size=5760Kb used=1138Kb max_used=1138Kb free=4621Kb
 bounds [0x0000025b1bc10000, 0x0000025b1be80000, 0x0000025b1c1b0000]
 total_blobs=498 nmethods=111 adapters=300
 compilation: enabled
              stopped_count=0, restarted_count=0
 full_count=0

Compilation events (20 events):
Event: 0.064 Thread 0x0000025b37da1730  102       3       java.util.concurrent.ConcurrentHashMap::get (162 bytes)
Event: 0.065 Thread 0x0000025b37da1730 nmethod 102 0x0000025b1c1cca10 code [0x0000025b1c1ccc40, 0x0000025b1c1cd6e8]
Event: 0.065 Thread 0x0000025b37da1730  103       1       java.lang.invoke.MethodType::returnType (5 bytes)
Event: 0.065 Thread 0x0000025b37da1730 nmethod 103 0x0000025b236e6b90 code [0x0000025b236e6d20, 0x0000025b236e6dd8]
Event: 0.065 Thread 0x0000025b37da1730  104       1       java.lang.reflect.Method::getName (5 bytes)
Event: 0.065 Thread 0x0000025b37da1730 nmethod 104 0x0000025b236e6e90 code [0x0000025b236e7020, 0x0000025b236e70d8]
Event: 0.065 Thread 0x0000025b37da1730  105       3       java.lang.invoke.MethodTypeForm::canonicalize (233 bytes)
Event: 0.066 Thread 0x0000025b37da1730 nmethod 105 0x0000025b1c1cda10 code [0x0000025b1c1cdc80, 0x0000025b1c1ce778]
Event: 0.066 Thread 0x0000025b37da1730  106       3       java.lang.invoke.MethodType::checkPtype (19 bytes)
Event: 0.066 Thread 0x0000025b37da1730 nmethod 106 0x0000025b1c1cea10 code [0x0000025b1c1cebe0, 0x0000025b1c1cef98]
Event: 0.066 Thread 0x0000025b37da1730  107   !   3       java.lang.ref.ReferenceQueue::poll (28 bytes)
Event: 0.066 Thread 0x0000025b37da1730 nmethod 107 0x0000025b1c1cf110 code [0x0000025b1c1cf2c0, 0x0000025b1c1cf528]
Event: 0.067 Thread 0x0000025b37da1730  108       3       java.util.Arrays::copyOfRange (64 bytes)
Event: 0.067 Thread 0x0000025b37da1730 nmethod 108 0x0000025b1c1cf610 code [0x0000025b1c1cf880, 0x0000025b1c1d0198]
Event: 0.067 Thread 0x0000025b37da1730  109       3       java.lang.String::isEmpty (14 bytes)
Event: 0.067 Thread 0x0000025b37da1730 nmethod 109 0x0000025b1c1d0510 code [0x0000025b1c1d06a0, 0x0000025b1c1d0818]
Event: 0.067 Thread 0x0000025b37da0e30  110       4       java.lang.String::isLatin1 (19 bytes)
Event: 0.068 Thread 0x0000025b37da0e30 nmethod 110 0x0000025b236e7190 code [0x0000025b236e7300, 0x0000025b236e7378]
Event: 0.068 Thread 0x0000025b37da1730  111       3       java.lang.StringLatin1::lastIndexOf (40 bytes)
Event: 0.068 Thread 0x0000025b37da1730 nmethod 111 0x0000025b1c1d0910 code [0x0000025b1c1d0ae0, 0x0000025b1c1d0e98]

GC Heap History (0 events):
No events

Deoptimization events (4 events):
Event: 0.053 Thread 0x0000025b139d32a0 Uncommon trap: trap_request=0xffffff45 fr.pc=0x0000025b236e44bc relative=0x000000000000021c
Event: 0.053 Thread 0x0000025b139d32a0 Uncommon trap: reason=unstable_if action=reinterpret pc=0x0000025b236e44bc method=java.lang.String.hashCode()I @ 13 c2
Event: 0.053 Thread 0x0000025b139d32a0 DEOPT PACKING pc=0x0000025b236e44bc sp=0x0000006f2e3fe210
Event: 0.053 Thread 0x0000025b139d32a0 DEOPT UNPACKING pc=0x0000025b1bc5e42f sp=0x0000006f2e3fe1a0 mode 2

Classes unloaded (0 events):
No events

Classes redefined (0 events):
No events

Internal exceptions (0 events):
No events

Events (20 events):
Event: 0.056 loading class java/util/concurrent/locks/Condition done
Event: 0.056 loading class java/util/concurrent/locks/AbstractQueuedSynchronizer$ConditionObject done
Event: 0.056 loading class java/util/concurrent/CyclicBarrier$Generation
Event: 0.056 loading class java/util/concurrent/CyclicBarrier$Generation done
Event: 0.063 Thread 0x0000025b37f125b0 Thread added: 0x0000025b37f125b0
Event: 0.063 loading class java/util/concurrent/locks/AbstractQueuedSynchronizer$ConditionNode
Event: 0.064 loading class java/util/concurrent/ForkJoinPool$ManagedBlocker
Event: 0.064 loading class java/util/concurrent/ForkJoinPool$ManagedBlocker done
Event: 0.064 loading class java/util/concurrent/locks/AbstractQueuedSynchronizer$Node
Event: 0.064 loading class java/util/concurrent/locks/AbstractQueuedSynchronizer$Node done
Event: 0.064 loading class java/util/concurrent/locks/AbstractQueuedSynchronizer$ConditionNode done
Event: 0.066 loading class java/lang/InterruptedException
Event: 0.066 loading class java/lang/InterruptedException done
Event: 0.066 loading class java/util/concurrent/locks/ReentrantLock$FairSync
Event: 0.066 loading class java/util/concurrent/locks/ReentrantLock$FairSync done
Event: 0.069 Executing VM operation: HandshakeAllThreads
Event: 0.069 Executing VM operation: HandshakeAllThreads done
Event: 0.070 loading class java/lang/UnsatisfiedLinkError
Event: 0.070 loading class java/lang/UnsatisfiedLinkError done
Event: 0.074 Loaded shared library C:\Users\ImadBaida\AppData\Local\Programs\Webots\lib\controller\java\JavaController.dll


Dynamic libraries:
0x00007ff6772b0000 - 0x00007ff6772bf000 	C:\Program Files\Java\jdk-15.0.2\bin\javaw.exe
0x00007ffee56b0000 - 0x00007ffee58a6000 	C:\Windows\SYSTEM32\ntdll.dll
0x00007ffee4ad0000 - 0x00007ffee4b8d000 	C:\Windows\System32\KERNEL32.DLL
0x00007ffee2e70000 - 0x00007ffee3139000 	C:\Windows\System32\KERNELBASE.dll
0x00007ffee3610000 - 0x00007ffee3710000 	C:\Windows\System32\ucrtbase.dll
0x00007ffea6380000 - 0x00007ffea6398000 	C:\Program Files\Java\jdk-15.0.2\bin\jli.dll
0x00007ffe951e0000 - 0x00007ffe951f9000 	C:\Program Files\Java\jdk-15.0.2\bin\VCRUNTIME140.dll
0x00007ffee5070000 - 0x00007ffee511c000 	C:\Windows\System32\ADVAPI32.dll
0x00007ffee4750000 - 0x00007ffee47ee000 	C:\Windows\System32\msvcrt.dll
0x00007ffee3f60000 - 0x00007ffee3ffc000 	C:\Windows\System32\sechost.dll
0x00007ffee4290000 - 0x00007ffee43bb000 	C:\Windows\System32\RPCRT4.dll
0x00007ffee4090000 - 0x00007ffee4230000 	C:\Windows\System32\USER32.dll
0x00007ffee2200000 - 0x00007ffee249b000 	C:\Windows\WinSxS\amd64_microsoft.windows.common-controls_6595b64144ccf1df_6.0.19041.746_none_ca02b4b61b8320a4\COMCTL32.dll
0x00007ffee3220000 - 0x00007ffee3242000 	C:\Windows\System32\win32u.dll
0x00007ffee4060000 - 0x00007ffee408a000 	C:\Windows\System32\GDI32.dll
0x00007ffee33a0000 - 0x00007ffee34ab000 	C:\Windows\System32\gdi32full.dll
0x00007ffee3250000 - 0x00007ffee32ed000 	C:\Windows\System32\msvcp_win.dll
0x00007ffedbb60000 - 0x00007ffedbb6a000 	C:\Windows\SYSTEM32\VERSION.dll
0x00007ffee4720000 - 0x00007ffee4750000 	C:\Windows\System32\IMM32.DLL
0x00007ffec7490000 - 0x00007ffec749c000 	C:\Program Files\Java\jdk-15.0.2\bin\vcruntime140_1.dll
0x00007ffe92230000 - 0x00007ffe922c1000 	C:\Program Files\Java\jdk-15.0.2\bin\msvcp140.dll
0x00007ffe7f8d0000 - 0x00007ffe8042e000 	C:\Program Files\Java\jdk-15.0.2\bin\server\jvm.dll
0x00007ffee5660000 - 0x00007ffee5668000 	C:\Windows\System32\PSAPI.DLL
0x00007ffeda150000 - 0x00007ffeda177000 	C:\Windows\SYSTEM32\WINMM.dll
0x00007ffec69b0000 - 0x00007ffec69b9000 	C:\Windows\SYSTEM32\WSOCK32.dll
0x00007ffee5000000 - 0x00007ffee506b000 	C:\Windows\System32\WS2_32.dll
0x00007ffedffa0000 - 0x00007ffedffb2000 	C:\Windows\SYSTEM32\kernel.appcore.dll
0x00007ffec6230000 - 0x00007ffec623a000 	C:\Program Files\Java\jdk-15.0.2\bin\jimage.dll
0x00007ffee2790000 - 0x00007ffee2974000 	C:\Windows\SYSTEM32\DBGHELP.DLL
0x00007ffee25c0000 - 0x00007ffee25ec000 	C:\Windows\SYSTEM32\dbgcore.DLL
0x00007ffee2df0000 - 0x00007ffee2e70000 	C:\Windows\System32\bcryptPrimitives.dll
0x00007ffe92200000 - 0x00007ffe92225000 	C:\Program Files\Java\jdk-15.0.2\bin\java.dll
0x00007ffee3710000 - 0x00007ffee3e53000 	C:\Windows\System32\SHELL32.dll
0x00007ffee01a0000 - 0x00007ffee092f000 	C:\Windows\SYSTEM32\windows.storage.dll
0x00007ffee43c0000 - 0x00007ffee4716000 	C:\Windows\System32\combase.dll
0x00007ffee2160000 - 0x00007ffee218c000 	C:\Windows\SYSTEM32\Wldp.dll
0x00007ffee5260000 - 0x00007ffee530e000 	C:\Windows\System32\SHCORE.dll
0x00007ffee3e60000 - 0x00007ffee3eb5000 	C:\Windows\System32\shlwapi.dll
0x00007ffee2d20000 - 0x00007ffee2d46000 	C:\Windows\SYSTEM32\profapi.dll
0x00007ffe937c0000 - 0x00007ffe937d9000 	C:\Program Files\Java\jdk-15.0.2\bin\net.dll
0x00007ffed1b30000 - 0x00007ffed1c30000 	C:\Windows\SYSTEM32\WINHTTP.dll
0x00007ffee2040000 - 0x00007ffee20aa000 	C:\Windows\system32\mswsock.dll
0x00007ffe921e0000 - 0x00007ffe921f2000 	C:\Program Files\Java\jdk-15.0.2\bin\nio.dll
0x00007ffe91e10000 - 0x00007ffe91e28000 	C:\Program Files\Java\jdk-15.0.2\bin\zip.dll
0x0000000064980000 - 0x00000000649c2000 	C:\Users\ImadBaida\AppData\Local\Programs\Webots\lib\controller\java\JavaController.dll
0x00007ffee1020000 - 0x00007ffee103c000 	C:\Users\ImadBaida\AppData\Local\Programs\Webots\msys64\mingw64\bin\cpp\libgcc_s_seh-1.dll
0x00007ffe91890000 - 0x00007ffe91a41000 	C:\Users\ImadBaida\AppData\Local\Programs\Webots\msys64\mingw64\bin\cpp\libstdc++-6.dll
0x00007ffec2750000 - 0x00007ffec2766000 	C:\Users\ImadBaida\AppData\Local\Programs\Webots\msys64\mingw64\bin\cpp\libwinpthread-1.dll
0x00000000704c0000 - 0x000000007052d000 	C:\Users\ImadBaida\AppData\Local\Programs\Webots\lib\controller\CppController.dll
0x0000000063080000 - 0x000000006310a000 	C:\Users\ImadBaida\AppData\Local\Programs\Webots\lib\controller\Controller.dll

dbghelp: loaded successfully - version: 4.0.5 - missing functions: none
symbol engine: initialized successfully - sym options: 0x614 - pdb path: .;C:\Program Files\Java\jdk-15.0.2\bin;C:\Windows\SYSTEM32;C:\Windows\WinSxS\amd64_microsoft.windows.common-controls_6595b64144ccf1df_6.0.19041.746_none_ca02b4b61b8320a4;C:\Program Files\Java\jdk-15.0.2\bin\server;C:\Users\ImadBaida\AppData\Local\Programs\Webots\lib\controller\java;C:\Users\ImadBaida\AppData\Local\Programs\Webots\msys64\mingw64\bin\cpp;C:\Users\ImadBaida\AppData\Local\Programs\Webots\lib\controller

VM Arguments:
jvm_args: -Djava.library.path=C:/Users/ImadBaida/AppData/Local/Programs/Webots/lib/controller/java 
java_command: Lab2
java_class_path (initial): C:/Users/ImadBaida/AppData/Local/Programs/Webots/lib/controller/java/Controller.jar;C:/Users/IMADBA~2/ECLIPS~2/lab2/CONTRO~1/Lab2/;..\lib\simlejos.jar
Launcher Type: SUN_STANDARD

[Global flags]
     intx CICompilerCount                          = 4                                         {product} {ergonomic}
     uint ConcGCThreads                            = 3                                         {product} {ergonomic}
     uint G1ConcRefinementThreads                  = 10                                        {product} {ergonomic}
   size_t G1HeapRegionSize                         = 2097152                                   {product} {ergonomic}
    uintx GCDrainStackTargetSize                   = 64                                        {product} {ergonomic}
   size_t InitialHeapSize                          = 268435456                                 {product} {ergonomic}
   size_t MarkStackSize                            = 4194304                                   {product} {ergonomic}
   size_t MaxHeapSize                              = 4278190080                                {product} {ergonomic}
   size_t MaxNewSize                               = 2566914048                                {product} {ergonomic}
   size_t MinHeapDeltaBytes                        = 2097152                                   {product} {ergonomic}
   size_t MinHeapSize                              = 8388608                                   {product} {ergonomic}
    uintx NonNMethodCodeHeapSize                   = 5839372                                {pd product} {ergonomic}
    uintx NonProfiledCodeHeapSize                  = 122909434                              {pd product} {ergonomic}
    uintx ProfiledCodeHeapSize                     = 122909434                              {pd product} {ergonomic}
    uintx ReservedCodeCacheSize                    = 251658240                              {pd product} {ergonomic}
     bool SegmentedCodeCache                       = true                                      {product} {ergonomic}
   size_t SoftMaxHeapSize                          = 4278190080                             {manageable} {ergonomic}
     bool UseCompressedClassPointers               = true                                 {lp64_product} {ergonomic}
     bool UseCompressedOops                        = true                                 {lp64_product} {ergonomic}
     bool UseG1GC                                  = true                                      {product} {ergonomic}
     bool UseLargePagesIndividualAllocation        = false                                  {pd product} {ergonomic}

Logging:
Log output configuration:
 #0: stdout all=warning uptime,level,tags
 #1: stderr all=off uptime,level,tags

Environment Variables:
CLASSPATH=..\lib\simlejos.jar
PATH=C:\Users\ImadBaida\AppData\Local\Programs\Webots\msys64\mingw64\bin\cpp;C:\Program Files\Common Files\Oracle\Java\javapath;C:\Program Files (x86)\Common Files\Oracle\Java\javapath;C:\Program Files (x86)\Razer Chroma SDK\bin;C:\Program Files\Razer Chroma SDK\bin;C:\Program Files (x86)\Razer\ChromaBroadcast\bin;C:\Program Files\Razer\ChromaBroadcast\bin;C:\Windows\system32;C:\Windows;C:\Windows\System32\Wbem;C:\Windows\System32\WindowsPowerShell\v1.0\;C:\Windows\System32\OpenSSH\;C:\Program Files\NVIDIA Corporation\NVIDIA NvDLISR;C:\Program Files (x86)\NVIDIA Corporation\PhysX\Common;C:\Users\Imad Baida\AppData\Local\Microsoft\WindowsApps;C:\MinGW\bin;C:\Program Files\Git\cmd;C:\Users\ImadBaida\AppData\Local\Microsoft\WindowsApps;C:\Users\ImadBaida\AppData\Local\GitHubDesktop\bin;C:\Users\ImadBaida\AppData\Local\Programs\Webots\lib\controller
USERNAME=ImadBaida
OS=Windows_NT
PROCESSOR_IDENTIFIER=AMD64 Family 23 Model 8 Stepping 2, AuthenticAMD



---------------  S Y S T E M  ---------------

OS:
 Windows 10 , 64 bit Build 19041 (10.0.19041.662)
OS uptime: 2 days 21:13 hours

CPU: total 12 (initial active 12) (12 cores per cpu, 2 threads per core) family 23 model 8 stepping 2 microcode 0x0, cmov, cx8, fxsr, mmx, sse, sse2, sse3, ssse3, sse4.1, sse4.2, popcnt, vzeroupper, avx, avx2, aes, clmul, 3dnowpref, lzcnt, sse4a, ht, tsc, tscinvbit, tscinv, bmi1, bmi2, adx, sha, fma, clflush, clflushopt

Memory: 4k page, system-wide physical 16315M (5851M free)
TotalPageFile size 24520M (AvailPageFile size 2749M)
current process WorkingSet (physical memory assigned to process): 32M, peak: 32M
current process commit charge ("private bytes"): 352M, peak: 352M

vm_info: Java HotSpot(TM) 64-Bit Server VM (15.0.2+7-27) for windows-amd64 JRE (15.0.2+7-27), built on Dec  7 2020 20:07:01 by "mach5one" with unknown MS VC++:1925

END.
